<?xml version="1.0" encoding="UTF-8"?>
<!-- Generated by org.testng.reporters.JUnitReportReporter -->
<testsuite hostname="DESKTOP-QUK0TPO" failures="0" tests="5" name="practicepackage.CreateTest01" time="0.015" errors="0" timestamp="2023-01-21T12:36:49 IST" skipped="0">
  <testcase classname="practicepackage.CreateTest01" name="Test03" time="0.000"/>
  <system-out/>
  <testcase classname="practicepackage.CreateTest01" name="Test02" time="0.000"/>
  <system-out/>
  <testcase classname="practicepackage.CreateTest01" name="Test01" time="0.000"/>
  <system-out/>
  <testcase classname="practicepackage.CreateTest01" name="Test04" time="0.015"/>
  <system-out/>
  <testcase classname="practicepackage.CreateTest01" name="Test05" time="0.000"/>
  <system-out/>
</testsuite> <!-- practicepackage.CreateTest01 -->
