<?xml version="1.0" encoding="UTF-8"?>
<!-- Generated by org.testng.reporters.JUnitReportReporter -->
<testsuite hostname="DESKTOP-QUK0TPO" failures="0" tests="1" name="practicepackage.CMDExcecutionTest" time="0.013" errors="0" timestamp="2023-01-18T12:40:21 IST" skipped="0">
  <testcase classname="practicepackage.CMDExcecutionTest" name="test" time="0.013"/>
  <system-out/>
</testsuite> <!-- practicepackage.CMDExcecutionTest -->
