<?xml version="1.0" encoding="UTF-8"?>
<!-- Generated by org.testng.reporters.JUnitReportReporter -->
<testsuite hostname="DESKTOP-QUK0TPO" failures="0" tests="1" name="practicepackage.GetConfilctMssg" time="0.000" errors="0" timestamp="2023-01-21T12:36:49 IST" skipped="0">
  <testcase classname="practicepackage.GetConfilctMssg" name="getConfilctMssg" time="0.000"/>
  <system-out/>
</testsuite> <!-- practicepackage.GetConfilctMssg -->
