<?xml version="1.0" encoding="UTF-8"?>

<!-- Generated by org.testng.reporters.JUnitReportReporter -->
<testsuite hostname="DESKTOP-QUK0TPO" failures="0" tests="3" name="practicepackage.CreateTest" time="0.000" errors="0" timestamp="2023-01-21T12:36:49 IST" skipped="0">
  <testcase classname="practicepackage.CreateTest" name="test11" time="0.000"/>

  <system-out/>
  <testcase classname="practicepackage.CreateTest" name="test10" time="0.000"/>
  <system-out/>
  <testcase classname="practicepackage.CreateTest" name="test09" time="0.000"/>
  <system-out/>
</testsuite> <!-- practicepackage.CreateTest -->
