<?xml version="1.0" encoding="UTF-8"?>

<!-- Generated by org.testng.reporters.JUnitReportReporter -->
<testsuite hostname="DESKTOP-QUK0TPO" failures="0" tests="5" name="practicepackage.CreateTest02" time="0.009" errors="0" timestamp="2023-01-18T12:38:24 IST" skipped="0">
  <testcase classname="practicepackage.CreateTest02" name="Test07" time="0.002"/>
=======

<!-- Generated by org.testng.reporters.JUnitReportReporter -->
<testsuite hostname="DESKTOP-QUK0TPO" failures="0" tests="5" name="practicepackage.CreateTest02" time="0.009" errors="0" timestamp="2023-01-18T12:38:24 IST" skipped="0">
  <testcase classname="practicepackage.CreateTest02" name="Test07" time="0.002"/>


  <system-out/>
  <testcase classname="practicepackage.CreateTest02" name="Test04" time="0.003"/>
  <system-out/>
  <testcase classname="practicepackage.CreateTest02" name="Test05" time="0.001"/>
  <system-out/>
  <testcase classname="practicepackage.CreateTest02" name="Test08" time="0.001"/>
  <system-out/>
  <testcase classname="practicepackage.CreateTest02" name="Test06" time="0.002"/>
  <system-out/>
</testsuite> <!-- practicepackage.CreateTest02 -->
